This is pdfTeX, Version 3.1415926-2.5-1.40.14 (MiKTeX 2.9) (preloaded format=pdflatex 2015.7.25)  2 JUN 2017 09:12
entering extended mode
**Progress_report.tex
("C:\Users\Majdi\Dropbox\MSc thesis\slides\Progress_report.tex"
LaTeX2e <2011/06/27>
Babel <v3.8m> and hyphenation patterns for english, afrikaans, ancientgreek, ar
abic, armenian, assamese, basque, bengali, bokmal, bulgarian, catalan, coptic, 
croatian, czech, danish, dutch, esperanto, estonian, farsi, finnish, french, ga
lician, german, german-x-2013-05-26, greek, gujarati, hindi, hungarian, iceland
ic, indonesian, interlingua, irish, italian, kannada, kurmanji, latin, latvian,
 lithuanian, malayalam, marathi, mongolian, mongolianlmc, monogreek, ngerman, n
german-x-2013-05-26, nynorsk, oriya, panjabi, pinyin, polish, portuguese, roman
ian, russian, sanskrit, serbian, slovak, slovenian, spanish, swedish, swissgerm
an, tamil, telugu, turkish, turkmen, ukenglish, ukrainian, uppersorbian, usengl
ishmax, welsh, loaded.
("C:\Program Files (x86)\MiKTeX 2.9\tex\latex\base\report.cls"
Document Class: report 2007/10/19 v1.4h Standard LaTeX document class
("C:\Program Files (x86)\MiKTeX 2.9\tex\latex\base\size11.clo"
File: size11.clo 2007/10/19 v1.4h Standard LaTeX file (size option)
)
\c@part=\count79
\c@chapter=\count80
\c@section=\count81
\c@subsection=\count82
\c@subsubsection=\count83
\c@paragraph=\count84
\c@subparagraph=\count85
\c@figure=\count86
\c@table=\count87
\abovecaptionskip=\skip41
\belowcaptionskip=\skip42
\bibindent=\dimen102
)
("C:\Program Files (x86)\MiKTeX 2.9\tex\latex\graphics\graphicx.sty"
Package: graphicx 1999/02/16 v1.0f Enhanced LaTeX Graphics (DPC,SPQR)

("C:\Program Files (x86)\MiKTeX 2.9\tex\latex\graphics\keyval.sty"
Package: keyval 1999/03/16 v1.13 key=value parser (DPC)
\KV@toks@=\toks14
)
("C:\Program Files (x86)\MiKTeX 2.9\tex\latex\graphics\graphics.sty"
Package: graphics 2009/02/05 v1.0o Standard LaTeX Graphics (DPC,SPQR)

("C:\Program Files (x86)\MiKTeX 2.9\tex\latex\graphics\trig.sty"
Package: trig 1999/03/16 v1.09 sin cos tan (DPC)
)
("C:\Program Files (x86)\MiKTeX 2.9\tex\latex\00miktex\graphics.cfg"
File: graphics.cfg 2007/01/18 v1.5 graphics configuration of teTeX/TeXLive
)
Package graphics Info: Driver file: pdftex.def on input line 91.

("C:\Program Files (x86)\MiKTeX 2.9\tex\latex\pdftex-def\pdftex.def"
File: pdftex.def 2011/05/27 v0.06d Graphics/color for pdfTeX

("C:\Program Files (x86)\MiKTeX 2.9\tex\generic\oberdiek\infwarerr.sty"
Package: infwarerr 2010/04/08 v1.3 Providing info/warning/error messages (HO)
)
("C:\Program Files (x86)\MiKTeX 2.9\tex\generic\oberdiek\ltxcmds.sty"
Package: ltxcmds 2011/11/09 v1.22 LaTeX kernel commands for general use (HO)
)
\Gread@gobject=\count88
))
\Gin@req@height=\dimen103
\Gin@req@width=\dimen104
)
("C:\Program Files (x86)\MiKTeX 2.9\tex\latex\float\float.sty"
Package: float 2001/11/08 v1.3d Float enhancements (AL)
\c@float@type=\count89
\float@exts=\toks15
\float@box=\box26
\@float@everytoks=\toks16
\@floatcapt=\box27
)
("C:\Program Files (x86)\MiKTeX 2.9\tex\latex\caption\subcaption.sty"
Package: subcaption 2016/02/02 v1.1-136 Sub-captions (AR)

("C:\Program Files (x86)\MiKTeX 2.9\tex\latex\caption\caption.sty"
Package: caption 2016/02/02 v3.3-136 Customizing captions (AR)

("C:\Program Files (x86)\MiKTeX 2.9\tex\latex\caption\caption3.sty"
Package: caption3 2016/02/02 v1.7-136 caption3 kernel (AR)
Package caption3 Info: TeX engine: e-TeX on input line 57.
\captionmargin=\dimen105
\captionmargin@=\dimen106
\captionwidth=\dimen107
\caption@tempdima=\dimen108
\caption@indent=\dimen109
\caption@parindent=\dimen110
\caption@hangindent=\dimen111
)
\c@ContinuedFloat=\count90
Package caption Info: float package is loaded.
)
\c@subfigure=\count91
\c@subtable=\count92
)
("C:\Program Files (x86)\MiKTeX 2.9\tex\latex\diagbox\diagbox.sty"
Package: diagbox 2011/11/23 v2.0 Making table heads with diagonal lines

("C:\Program Files (x86)\MiKTeX 2.9\tex\latex\pict2e\pict2e.sty"
Package: pict2e 2016/02/05 v0.3b Improved picture commands (HjG,RN,JT)

("C:\Program Files (x86)\MiKTeX 2.9\tex\latex\00miktex\pict2e.cfg"
File: pict2e.cfg 2005/12/29 v1.0 MiKTeX 'pict2e' configuration
)
Package pict2e Info: Driver file: pdftex.def on input line 119.
Package pict2e Info: Driver file for pict2e: p2e-pdftex.def on input line 121.

("C:\Program Files (x86)\MiKTeX 2.9\tex\latex\pict2e\p2e-pdftex.def"
File: p2e-pdftex.def 2016/02/05 v0.1u Driver-dependant file (RN,HjG,JT)
)
\pIIe@GRAPH=\toks17
\@arclen=\dimen112
\@arcrad=\dimen113
\@tempdimd=\dimen114
)
("C:\Program Files (x86)\MiKTeX 2.9\tex\latex\fp\fp.sty"
Package: fp 1995/04/02

`Fixed Point Package', Version 0.8, April 2, 1995 (C) Michael Mehlich
("C:\Program Files (x86)\MiKTeX 2.9\tex\latex\fp\defpattern.sty"
Package: defpattern 1994/10/12
\actioncount=\count93
)
("C:\Program Files (x86)\MiKTeX 2.9\tex\latex\fp\fp-basic.sty"
Package: fp-basic 1996/05/13
\FP@xs=\count94
\FP@xia=\count95
\FP@xib=\count96
\FP@xfa=\count97
\FP@xfb=\count98
\FP@rega=\count99
\FP@regb=\count100
\FP@regs=\count101
\FP@times=\count102
)
("C:\Program Files (x86)\MiKTeX 2.9\tex\latex\fp\fp-addons.sty"
Package: fp-addons 1995/03/15
)
("C:\Program Files (x86)\MiKTeX 2.9\tex\latex\fp\fp-snap.sty"
Package: fp-snap 1995/04/05
)
("C:\Program Files (x86)\MiKTeX 2.9\tex\latex\fp\fp-exp.sty"
Package: fp-exp 1995/04/03
)
("C:\Program Files (x86)\MiKTeX 2.9\tex\latex\fp\fp-trigo.sty"
Package: fp-trigo 1995/04/14
)
("C:\Program Files (x86)\MiKTeX 2.9\tex\latex\fp\fp-pas.sty"
Package: fp-pas 1994/08/29
)
("C:\Program Files (x86)\MiKTeX 2.9\tex\latex\fp\fp-random.sty"
Package: fp-random 1995/02/23
\FPseed=\count103
)
("C:\Program Files (x86)\MiKTeX 2.9\tex\latex\fp\fp-eqn.sty"
Package: fp-eqn 1995/04/03
)
("C:\Program Files (x86)\MiKTeX 2.9\tex\latex\fp\fp-upn.sty"
Package: fp-upn 1996/10/21
)
("C:\Program Files (x86)\MiKTeX 2.9\tex\latex\fp\fp-eval.sty"
Package: fp-eval 1995/04/03
))
\diagbox@boxa=\box28
\diagbox@boxb=\box29
\diagbox@boxm=\box30
\diagbox@wd=\dimen115
\diagbox@ht=\dimen116
\diagbox@sepl=\dimen117
\diagbox@sepr=\dimen118
)
("C:\Program Files (x86)\MiKTeX 2.9\tex\latex\ucs\ucs.sty"
Package: ucs 2013/05/11 v2.2 UCS: Unicode input support

("C:\Program Files (x86)\MiKTeX 2.9\tex\latex\ucs\uni-global.def"
File: uni-global.def 2013/05/13 UCS: Unicode global data
)
\uc@secondtry=\count104
\uc@combtoks=\toks18
\uc@combtoksb=\toks19
\uc@temptokena=\toks20
)
("C:\Program Files (x86)\MiKTeX 2.9\tex\latex\bbm\bbm.sty"
Package: bbm 1999/03/15 V 1.2 provides fonts for set symbols - TH
LaTeX Font Info:    Overwriting math alphabet `\mathbbm' in version `bold'
(Font)                  U/bbm/m/n --> U/bbm/bx/n on input line 33.
LaTeX Font Info:    Overwriting math alphabet `\mathbbmss' in version `bold'
(Font)                  U/bbmss/m/n --> U/bbmss/bx/n on input line 35.
)
("C:\Program Files (x86)\MiKTeX 2.9\tex\latex\natbib\natbib.sty"
Package: natbib 2010/09/13 8.31b (PWD, AO)
\bibhang=\skip43
\bibsep=\skip44
LaTeX Info: Redefining \cite on input line 694.
\c@NAT@ctr=\count105
)
("C:\Program Files (x86)\MiKTeX 2.9\tex\latex\fancyhdr\fancyhdr.sty"
\fancy@headwidth=\skip45
\f@ncyO@elh=\skip46
\f@ncyO@erh=\skip47
\f@ncyO@olh=\skip48
\f@ncyO@orh=\skip49
\f@ncyO@elf=\skip50
\f@ncyO@erf=\skip51
\f@ncyO@olf=\skip52
\f@ncyO@orf=\skip53
)
("C:\Program Files (x86)\MiKTeX 2.9\tex\latex\base\inputenc.sty"
Package: inputenc 2008/03/30 v1.1d Input encoding file
\inpenc@prehook=\toks21
\inpenc@posthook=\toks22

("C:\Program Files (x86)\MiKTeX 2.9\tex\latex\base\utf8.def"
File: utf8.def 2008/04/05 v1.1m UTF-8 support for inputenc
Now handling font encoding OML ...
... no UTF-8 mapping file for font encoding OML
Now handling font encoding T1 ...
... processing UTF-8 mapping file for font encoding T1

("C:\Program Files (x86)\MiKTeX 2.9\tex\latex\base\t1enc.dfu"
File: t1enc.dfu 2008/04/05 v1.1m UTF-8 support for inputenc
   defining Unicode char U+00A1 (decimal 161)
   defining Unicode char U+00A3 (decimal 163)
   defining Unicode char U+00AB (decimal 171)
   defining Unicode char U+00BB (decimal 187)
   defining Unicode char U+00BF (decimal 191)
   defining Unicode char U+00C0 (decimal 192)
   defining Unicode char U+00C1 (decimal 193)
   defining Unicode char U+00C2 (decimal 194)
   defining Unicode char U+00C3 (decimal 195)
   defining Unicode char U+00C4 (decimal 196)
   defining Unicode char U+00C5 (decimal 197)
   defining Unicode char U+00C6 (decimal 198)
   defining Unicode char U+00C7 (decimal 199)
   defining Unicode char U+00C8 (decimal 200)
   defining Unicode char U+00C9 (decimal 201)
   defining Unicode char U+00CA (decimal 202)
   defining Unicode char U+00CB (decimal 203)
   defining Unicode char U+00CC (decimal 204)
   defining Unicode char U+00CD (decimal 205)
   defining Unicode char U+00CE (decimal 206)
   defining Unicode char U+00CF (decimal 207)
   defining Unicode char U+00D0 (decimal 208)
   defining Unicode char U+00D1 (decimal 209)
   defining Unicode char U+00D2 (decimal 210)
   defining Unicode char U+00D3 (decimal 211)
   defining Unicode char U+00D4 (decimal 212)
   defining Unicode char U+00D5 (decimal 213)
   defining Unicode char U+00D6 (decimal 214)
   defining Unicode char U+00D8 (decimal 216)
   defining Unicode char U+00D9 (decimal 217)
   defining Unicode char U+00DA (decimal 218)
   defining Unicode char U+00DB (decimal 219)
   defining Unicode char U+00DC (decimal 220)
   defining Unicode char U+00DD (decimal 221)
   defining Unicode char U+00DE (decimal 222)
   defining Unicode char U+00DF (decimal 223)
   defining Unicode char U+00E0 (decimal 224)
   defining Unicode char U+00E1 (decimal 225)
   defining Unicode char U+00E2 (decimal 226)
   defining Unicode char U+00E3 (decimal 227)
   defining Unicode char U+00E4 (decimal 228)
   defining Unicode char U+00E5 (decimal 229)
   defining Unicode char U+00E6 (decimal 230)
   defining Unicode char U+00E7 (decimal 231)
   defining Unicode char U+00E8 (decimal 232)
   defining Unicode char U+00E9 (decimal 233)
   defining Unicode char U+00EA (decimal 234)
   defining Unicode char U+00EB (decimal 235)
   defining Unicode char U+00EC (decimal 236)
   defining Unicode char U+00ED (decimal 237)
   defining Unicode char U+00EE (decimal 238)
   defining Unicode char U+00EF (decimal 239)
   defining Unicode char U+00F0 (decimal 240)
   defining Unicode char U+00F1 (decimal 241)
   defining Unicode char U+00F2 (decimal 242)
   defining Unicode char U+00F3 (decimal 243)
   defining Unicode char U+00F4 (decimal 244)
   defining Unicode char U+00F5 (decimal 245)
   defining Unicode char U+00F6 (decimal 246)
   defining Unicode char U+00F8 (decimal 248)
   defining Unicode char U+00F9 (decimal 249)
   defining Unicode char U+00FA (decimal 250)
   defining Unicode char U+00FB (decimal 251)
   defining Unicode char U+00FC (decimal 252)
   defining Unicode char U+00FD (decimal 253)
   defining Unicode char U+00FE (decimal 254)
   defining Unicode char U+00FF (decimal 255)
   defining Unicode char U+0102 (decimal 258)
   defining Unicode char U+0103 (decimal 259)
   defining Unicode char U+0104 (decimal 260)
   defining Unicode char U+0105 (decimal 261)
   defining Unicode char U+0106 (decimal 262)
   defining Unicode char U+0107 (decimal 263)
   defining Unicode char U+010C (decimal 268)
   defining Unicode char U+010D (decimal 269)
   defining Unicode char U+010E (decimal 270)
   defining Unicode char U+010F (decimal 271)
   defining Unicode char U+0110 (decimal 272)
   defining Unicode char U+0111 (decimal 273)
   defining Unicode char U+0118 (decimal 280)
   defining Unicode char U+0119 (decimal 281)
   defining Unicode char U+011A (decimal 282)
   defining Unicode char U+011B (decimal 283)
   defining Unicode char U+011E (decimal 286)
   defining Unicode char U+011F (decimal 287)
   defining Unicode char U+0130 (decimal 304)
   defining Unicode char U+0131 (decimal 305)
   defining Unicode char U+0132 (decimal 306)
   defining Unicode char U+0133 (decimal 307)
   defining Unicode char U+0139 (decimal 313)
   defining Unicode char U+013A (decimal 314)
   defining Unicode char U+013D (decimal 317)
   defining Unicode char U+013E (decimal 318)
   defining Unicode char U+0141 (decimal 321)
   defining Unicode char U+0142 (decimal 322)
   defining Unicode char U+0143 (decimal 323)
   defining Unicode char U+0144 (decimal 324)
   defining Unicode char U+0147 (decimal 327)
   defining Unicode char U+0148 (decimal 328)
   defining Unicode char U+014A (decimal 330)
   defining Unicode char U+014B (decimal 331)
   defining Unicode char U+0150 (decimal 336)
   defining Unicode char U+0151 (decimal 337)
   defining Unicode char U+0152 (decimal 338)
   defining Unicode char U+0153 (decimal 339)
   defining Unicode char U+0154 (decimal 340)
   defining Unicode char U+0155 (decimal 341)
   defining Unicode char U+0158 (decimal 344)
   defining Unicode char U+0159 (decimal 345)
   defining Unicode char U+015A (decimal 346)
   defining Unicode char U+015B (decimal 347)
   defining Unicode char U+015E (decimal 350)
   defining Unicode char U+015F (decimal 351)
   defining Unicode char U+0160 (decimal 352)
   defining Unicode char U+0161 (decimal 353)
   defining Unicode char U+0162 (decimal 354)
   defining Unicode char U+0163 (decimal 355)
   defining Unicode char U+0164 (decimal 356)
   defining Unicode char U+0165 (decimal 357)
   defining Unicode char U+016E (decimal 366)
   defining Unicode char U+016F (decimal 367)
   defining Unicode char U+0170 (decimal 368)
   defining Unicode char U+0171 (decimal 369)
   defining Unicode char U+0178 (decimal 376)
   defining Unicode char U+0179 (decimal 377)
   defining Unicode char U+017A (decimal 378)
   defining Unicode char U+017B (decimal 379)
   defining Unicode char U+017C (decimal 380)
   defining Unicode char U+017D (decimal 381)
   defining Unicode char U+017E (decimal 382)
   defining Unicode char U+200C (decimal 8204)
   defining Unicode char U+2013 (decimal 8211)
   defining Unicode char U+2014 (decimal 8212)
   defining Unicode char U+2018 (decimal 8216)
   defining Unicode char U+2019 (decimal 8217)
   defining Unicode char U+201A (decimal 8218)
   defining Unicode char U+201C (decimal 8220)
   defining Unicode char U+201D (decimal 8221)
   defining Unicode char U+201E (decimal 8222)
   defining Unicode char U+2030 (decimal 8240)
   defining Unicode char U+2031 (decimal 8241)
   defining Unicode char U+2039 (decimal 8249)
   defining Unicode char U+203A (decimal 8250)
   defining Unicode char U+2423 (decimal 9251)
)
Now handling font encoding OT1 ...
... processing UTF-8 mapping file for font encoding OT1

("C:\Program Files (x86)\MiKTeX 2.9\tex\latex\base\ot1enc.dfu"
File: ot1enc.dfu 2008/04/05 v1.1m UTF-8 support for inputenc
   defining Unicode char U+00A1 (decimal 161)
   defining Unicode char U+00A3 (decimal 163)
   defining Unicode char U+00B8 (decimal 184)
   defining Unicode char U+00BF (decimal 191)
   defining Unicode char U+00C5 (decimal 197)
   defining Unicode char U+00C6 (decimal 198)
   defining Unicode char U+00D8 (decimal 216)
   defining Unicode char U+00DF (decimal 223)
   defining Unicode char U+00E6 (decimal 230)
   defining Unicode char U+00EC (decimal 236)
   defining Unicode char U+00ED (decimal 237)
   defining Unicode char U+00EE (decimal 238)
   defining Unicode char U+00EF (decimal 239)
   defining Unicode char U+00F8 (decimal 248)
   defining Unicode char U+0131 (decimal 305)
   defining Unicode char U+0141 (decimal 321)
   defining Unicode char U+0142 (decimal 322)
   defining Unicode char U+0152 (decimal 338)
   defining Unicode char U+0153 (decimal 339)
   defining Unicode char U+2013 (decimal 8211)
   defining Unicode char U+2014 (decimal 8212)
   defining Unicode char U+2018 (decimal 8216)
   defining Unicode char U+2019 (decimal 8217)
   defining Unicode char U+201C (decimal 8220)
   defining Unicode char U+201D (decimal 8221)
)
Now handling font encoding OMS ...
... processing UTF-8 mapping file for font encoding OMS

("C:\Program Files (x86)\MiKTeX 2.9\tex\latex\base\omsenc.dfu"
File: omsenc.dfu 2008/04/05 v1.1m UTF-8 support for inputenc
   defining Unicode char U+00A7 (decimal 167)
   defining Unicode char U+00B6 (decimal 182)
   defining Unicode char U+00B7 (decimal 183)
   defining Unicode char U+2020 (decimal 8224)
   defining Unicode char U+2021 (decimal 8225)
   defining Unicode char U+2022 (decimal 8226)
)
Now handling font encoding OMX ...
... no UTF-8 mapping file for font encoding OMX
Now handling font encoding U ...
... no UTF-8 mapping file for font encoding U
   defining Unicode char U+00A9 (decimal 169)
   defining Unicode char U+00AA (decimal 170)
   defining Unicode char U+00AE (decimal 174)
   defining Unicode char U+00BA (decimal 186)
   defining Unicode char U+02C6 (decimal 710)
   defining Unicode char U+02DC (decimal 732)
   defining Unicode char U+200C (decimal 8204)
   defining Unicode char U+2026 (decimal 8230)
   defining Unicode char U+2122 (decimal 8482)
   defining Unicode char U+2423 (decimal 9251)
))
("C:\Program Files (x86)\MiKTeX 2.9\tex\latex\geometry\geometry.sty"
Package: geometry 2010/09/12 v5.6 Page Geometry

("C:\Program Files (x86)\MiKTeX 2.9\tex\generic\oberdiek\ifpdf.sty"
Package: ifpdf 2011/01/30 v2.3 Provides the ifpdf switch (HO)
Package ifpdf Info: pdfTeX in PDF mode is detected.
)
("C:\Program Files (x86)\MiKTeX 2.9\tex\generic\oberdiek\ifvtex.sty"
Package: ifvtex 2010/03/01 v1.5 Detect VTeX and its facilities (HO)
Package ifvtex Info: VTeX not detected.
)
("C:\Program Files (x86)\MiKTeX 2.9\tex\generic\ifxetex\ifxetex.sty"
Package: ifxetex 2010/09/12 v0.6 Provides ifxetex conditional
)
\Gm@cnth=\count106
\Gm@cntv=\count107
\c@Gm@tempcnt=\count108
\Gm@bindingoffset=\dimen119
\Gm@wd@mp=\dimen120
\Gm@odd@mp=\dimen121
\Gm@even@mp=\dimen122
\Gm@layoutwidth=\dimen123
\Gm@layoutheight=\dimen124
\Gm@layouthoffset=\dimen125
\Gm@layoutvoffset=\dimen126
\Gm@dimlist=\toks23

("C:\Program Files (x86)\MiKTeX 2.9\tex\latex\geometry\geometry.cfg"))
("C:\Program Files (x86)\MiKTeX 2.9\tex\generic\babel\babel.sty"
Package: babel 2008/07/08 v3.8m The Babel package

*************************************
* Local config file bblopts.cfg used
*
("C:\Program Files (x86)\MiKTeX 2.9\tex\latex\00miktex\bblopts.cfg"
File: bblopts.cfg 2006/07/31 v1.0 MiKTeX 'babel' configuration
)
("C:\Program Files (x86)\MiKTeX 2.9\tex\latex\babel-english\english.ldf"
Language: english 2012/08/20 v3.3p English support from the babel system

("C:\Program Files (x86)\MiKTeX 2.9\tex\generic\babel\babel.def"
File: babel.def 2008/07/08 v3.8m Babel common definitions
\babel@savecnt=\count109
\U@D=\dimen127
)
\l@canadian = a dialect from \language\l@american 
\l@australian = a dialect from \language\l@british 
\l@newzealand = a dialect from \language\l@british 
))
("C:\Program Files (x86)\MiKTeX 2.9\tex\latex\listings\listings.sty"
\lst@mode=\count110
\lst@gtempboxa=\box31
\lst@token=\toks24
\lst@length=\count111
\lst@currlwidth=\dimen128
\lst@column=\count112
\lst@pos=\count113
\lst@lostspace=\dimen129
\lst@width=\dimen130
\lst@newlines=\count114
\lst@lineno=\count115
\lst@maxwidth=\dimen131

("C:\Program Files (x86)\MiKTeX 2.9\tex\latex\listings\lstmisc.sty"
File: lstmisc.sty 2015/06/04 1.6 (Carsten Heinz)
\c@lstnumber=\count116
\lst@skipnumbers=\count117
\lst@framebox=\box32
)
("C:\Program Files (x86)\MiKTeX 2.9\tex\latex\listings\listings.cfg"
File: listings.cfg 2015/06/04 1.6 listings configuration
))
Package: listings 2015/06/04 1.6 (Carsten Heinz)

("C:\Program Files (x86)\MiKTeX 2.9\tex\latex\lm\lmodern.sty"
Package: lmodern 2009/10/30 v1.6 Latin Modern Fonts
LaTeX Font Info:    Overwriting symbol font `operators' in version `normal'
(Font)                  OT1/cmr/m/n --> OT1/lmr/m/n on input line 22.
LaTeX Font Info:    Overwriting symbol font `letters' in version `normal'
(Font)                  OML/cmm/m/it --> OML/lmm/m/it on input line 23.
LaTeX Font Info:    Overwriting symbol font `symbols' in version `normal'
(Font)                  OMS/cmsy/m/n --> OMS/lmsy/m/n on input line 24.
LaTeX Font Info:    Overwriting symbol font `largesymbols' in version `normal'
(Font)                  OMX/cmex/m/n --> OMX/lmex/m/n on input line 25.
LaTeX Font Info:    Overwriting symbol font `operators' in version `bold'
(Font)                  OT1/cmr/bx/n --> OT1/lmr/bx/n on input line 26.
LaTeX Font Info:    Overwriting symbol font `letters' in version `bold'
(Font)                  OML/cmm/b/it --> OML/lmm/b/it on input line 27.
LaTeX Font Info:    Overwriting symbol font `symbols' in version `bold'
(Font)                  OMS/cmsy/b/n --> OMS/lmsy/b/n on input line 28.
LaTeX Font Info:    Overwriting symbol font `largesymbols' in version `bold'
(Font)                  OMX/cmex/m/n --> OMX/lmex/m/n on input line 29.
LaTeX Font Info:    Overwriting math alphabet `\mathbf' in version `normal'
(Font)                  OT1/cmr/bx/n --> OT1/lmr/bx/n on input line 31.
LaTeX Font Info:    Overwriting math alphabet `\mathsf' in version `normal'
(Font)                  OT1/cmss/m/n --> OT1/lmss/m/n on input line 32.
LaTeX Font Info:    Overwriting math alphabet `\mathit' in version `normal'
(Font)                  OT1/cmr/m/it --> OT1/lmr/m/it on input line 33.
LaTeX Font Info:    Overwriting math alphabet `\mathtt' in version `normal'
(Font)                  OT1/cmtt/m/n --> OT1/lmtt/m/n on input line 34.
LaTeX Font Info:    Overwriting math alphabet `\mathbf' in version `bold'
(Font)                  OT1/cmr/bx/n --> OT1/lmr/bx/n on input line 35.
LaTeX Font Info:    Overwriting math alphabet `\mathsf' in version `bold'
(Font)                  OT1/cmss/bx/n --> OT1/lmss/bx/n on input line 36.
LaTeX Font Info:    Overwriting math alphabet `\mathit' in version `bold'
(Font)                  OT1/cmr/bx/it --> OT1/lmr/bx/it on input line 37.
LaTeX Font Info:    Overwriting math alphabet `\mathtt' in version `bold'
(Font)                  OT1/cmtt/m/n --> OT1/lmtt/m/n on input line 38.
)
("C:\Program Files (x86)\MiKTeX 2.9\tex\latex\amsmath\amsmath.sty"
Package: amsmath 2013/01/14 v2.14 AMS math features
\@mathmargin=\skip54

For additional information on amsmath, use the `?' option.
("C:\Program Files (x86)\MiKTeX 2.9\tex\latex\amsmath\amstext.sty"
Package: amstext 2000/06/29 v2.01

("C:\Program Files (x86)\MiKTeX 2.9\tex\latex\amsmath\amsgen.sty"
File: amsgen.sty 1999/11/30 v2.0
\@emptytoks=\toks25
\ex@=\dimen132
))
("C:\Program Files (x86)\MiKTeX 2.9\tex\latex\amsmath\amsbsy.sty"
Package: amsbsy 1999/11/29 v1.2d
\pmbraise@=\dimen133
)
("C:\Program Files (x86)\MiKTeX 2.9\tex\latex\amsmath\amsopn.sty"
Package: amsopn 1999/12/14 v2.01 operator names
)
\inf@bad=\count118
LaTeX Info: Redefining \frac on input line 210.
\uproot@=\count119
\leftroot@=\count120
LaTeX Info: Redefining \overline on input line 306.
\classnum@=\count121
\DOTSCASE@=\count122
LaTeX Info: Redefining \ldots on input line 378.
LaTeX Info: Redefining \dots on input line 381.
LaTeX Info: Redefining \cdots on input line 466.
\Mathstrutbox@=\box33
\strutbox@=\box34
\big@size=\dimen134
LaTeX Font Info:    Redeclaring font encoding OML on input line 566.
LaTeX Font Info:    Redeclaring font encoding OMS on input line 567.
\macc@depth=\count123
\c@MaxMatrixCols=\count124
\dotsspace@=\muskip10
\c@parentequation=\count125
\dspbrk@lvl=\count126
\tag@help=\toks26
\row@=\count127
\column@=\count128
\maxfields@=\count129
\andhelp@=\toks27
\eqnshift@=\dimen135
\alignsep@=\dimen136
\tagshift@=\dimen137
\tagwidth@=\dimen138
\totwidth@=\dimen139
\lineht@=\dimen140
\@envbody=\toks28
\multlinegap=\skip55
\multlinetaggap=\skip56
\mathdisplay@stack=\toks29
LaTeX Info: Redefining \[ on input line 2665.
LaTeX Info: Redefining \] on input line 2666.
)
("C:\Program Files (x86)\MiKTeX 2.9\tex\latex\mathtools\empheq.sty"
Package: empheq 2014/07/16 v2.14 Emphasizing equations

("C:\Program Files (x86)\MiKTeX 2.9\tex\latex\mathtools\mhsetup.sty"
Package: mhsetup 2010/01/21 v1.2a programming setup (MH)
)
("C:\Program Files (x86)\MiKTeX 2.9\tex\latex\mathtools\mathtools.sty"
Package: mathtools 2015/11/12 v1.18 mathematical typesetting tools

("C:\Program Files (x86)\MiKTeX 2.9\tex\latex\tools\calc.sty"
Package: calc 2007/08/22 v4.3 Infix arithmetic (KKT,FJ)
\calc@Acount=\count130
\calc@Bcount=\count131
\calc@Adimen=\dimen141
\calc@Bdimen=\dimen142
\calc@Askip=\skip57
\calc@Bskip=\skip58
LaTeX Info: Redefining \setlength on input line 76.
LaTeX Info: Redefining \addtolength on input line 77.
\calc@Ccount=\count132
\calc@Cskip=\skip59
)
LaTeX Info: Thecontrolsequence`\['isalreadyrobust on input line 129.
LaTeX Info: Thecontrolsequence`\]'isalreadyrobust on input line 129.
\g_MT_multlinerow_int=\count133
\l_MT_multwidth_dim=\dimen143
\origjot=\skip60
\l_MT_shortvdotswithinadjustabove_dim=\dimen144
\l_MT_shortvdotswithinadjustbelow_dim=\dimen145
\l_MT_above_intertext_sep=\dimen146
\l_MT_below_intertext_sep=\dimen147
\l_MT_above_shortintertext_sep=\dimen148
\l_MT_below_shortintertext_sep=\dimen149
)
\l_EQ_equationtype_int=\count134
\l_EQ_alignmentmode_int=\count135
\l_EQ_totalwidth_dim=\dimen150
\l_EQ_displaywidth_dim=\dimen151
\l_EQ_temp_linewidth_dim=\dimen152
\EmphEqdelimitershortfall=\dimen153
\EmphEqdelimiterfactor=\count136
\g_EQ_toptag_height_dim=\dimen154
\g_EQ_bottomtag_depth_dim=\dimen155
\g_EQ_toprow_height_dim=\dimen156
\g_EQ_bottomrow_depth_dim=\dimen157
\g_EQ_widesttag_dim=\dimen158
\EQ_mathdisplay_box=\box35
\EQ_tag_box=\box36
\g_EQ_temprow_int=\count137
)
("C:\Program Files (x86)\MiKTeX 2.9\tex\latex\amscls\amsthm.sty"
Package: amsthm 2004/08/06 v2.20
\thm@style=\toks30
\thm@bodyfont=\toks31
\thm@headfont=\toks32
\thm@notefont=\toks33
\thm@headpunct=\toks34
\thm@preskip=\skip61
\thm@postskip=\skip62
\thm@headsep=\skip63
\dth@everypar=\toks35
)
("C:\Program Files (x86)\MiKTeX 2.9\tex\latex\algorithms\algorithm.sty"
Package: algorithm 2009/08/24 v0.1 Document Style `algorithm' - floating enviro
nment

("C:\Program Files (x86)\MiKTeX 2.9\tex\latex\base\ifthen.sty"
Package: ifthen 2001/05/26 v1.1c Standard LaTeX ifthen package (DPC)
)
\@float@every@algorithm=\toks36
\c@algorithm=\count138
)
("C:\Program Files (x86)\MiKTeX 2.9\tex\latex\algorithmicx\algpseudocode.sty"
Package: algpseudocode 

("C:\Program Files (x86)\MiKTeX 2.9\tex\latex\algorithmicx\algorithmicx.sty"
Package: algorithmicx 2005/04/27 v1.2 Algorithmicx

Document Style algorithmicx 1.2 - a greatly improved `algorithmic' style
\c@ALG@line=\count139
\c@ALG@rem=\count140
\c@ALG@nested=\count141
\ALG@tlm=\skip64
\ALG@thistlm=\skip65
\c@ALG@Lnr=\count142
\c@ALG@blocknr=\count143
\c@ALG@storecount=\count144
\c@ALG@tmpcounter=\count145
\ALG@tmplength=\skip66
)
Document Style - pseudocode environments for use with the `algorithmicx' style
) ("C:\Program Files (x86)\MiKTeX 2.9\tex\latex\psnfss\pifont.sty"
Package: pifont 2005/04/12 PSNFSS-v9.2a Pi font support (SPQR) 
LaTeX Font Info:    Try loading font information for U+pzd on input line 63.

("C:\Program Files (x86)\MiKTeX 2.9\tex\latex\psnfss\upzd.fd"
File: upzd.fd 2001/06/04 font definitions for U/pzd.
)
LaTeX Font Info:    Try loading font information for U+psy on input line 64.

("C:\Program Files (x86)\MiKTeX 2.9\tex\latex\psnfss\upsy.fd"
File: upsy.fd 2001/06/04 font definitions for U/psy.
))
\c@defn=\count146

("C:\Program Files (x86)\MiKTeX 2.9\tex\latex\appendix\appendix.sty"
Package: appendix 2009/09/02 v1.2b extra appendix facilities
\c@@pps=\count147
\c@@ppsavesec=\count148
\c@@ppsaveapp=\count149
)
("C:\Program Files (x86)\MiKTeX 2.9\tex\latex\booktabs\booktabs.sty"
Package: booktabs 2005/04/14 v1.61803 publication quality tables
\heavyrulewidth=\dimen159
\lightrulewidth=\dimen160
\cmidrulewidth=\dimen161
\belowrulesep=\dimen162
\belowbottomsep=\dimen163
\aboverulesep=\dimen164
\abovetopsep=\dimen165
\cmidrulesep=\dimen166
\cmidrulekern=\dimen167
\defaultaddspace=\dimen168
\@cmidla=\count150
\@cmidlb=\count151
\@aboverulesep=\dimen169
\@belowrulesep=\dimen170
\@thisruleclass=\count152
\@lastruleclass=\count153
\@thisrulewidth=\dimen171
)
("C:\Program Files (x86)\MiKTeX 2.9\tex\latex\xcolor\xcolor.sty"
Package: xcolor 2007/01/21 v2.11 LaTeX color extensions (UK)

("C:\Program Files (x86)\MiKTeX 2.9\tex\latex\00miktex\color.cfg"
File: color.cfg 2007/01/18 v1.5 color configuration of teTeX/TeXLive
)
Package xcolor Info: Driver file: pdftex.def on input line 225.

("C:\Program Files (x86)\MiKTeX 2.9\tex\latex\colortbl\colortbl.sty"
Package: colortbl 2012/02/13 v1.0a Color table columns (DPC)

("C:\Program Files (x86)\MiKTeX 2.9\tex\latex\tools\array.sty"
Package: array 2008/09/09 v2.4c Tabular extension package (FMi)
\col@sep=\dimen172
\extrarowheight=\dimen173
\NC@list=\toks37
\extratabsurround=\skip67
\backup@length=\skip68
)
\everycr=\toks38
\minrowclearance=\skip69
)
\rownum=\count154
Package xcolor Info: Model `cmy' substituted by `cmy0' on input line 1337.
Package xcolor Info: Model `hsb' substituted by `rgb' on input line 1341.
Package xcolor Info: Model `RGB' extended on input line 1353.
Package xcolor Info: Model `HTML' substituted by `rgb' on input line 1355.
Package xcolor Info: Model `Hsb' substituted by `hsb' on input line 1356.
Package xcolor Info: Model `tHsb' substituted by `hsb' on input line 1357.
Package xcolor Info: Model `HSB' substituted by `hsb' on input line 1358.
Package xcolor Info: Model `Gray' substituted by `gray' on input line 1359.
Package xcolor Info: Model `wave' substituted by `hsb' on input line 1360.

("C:\Program Files (x86)\MiKTeX 2.9\tex\latex\xcolor\svgnam.def"
File: svgnam.def 2007/01/21 v2.11 Predefined colors according to SVG 1.1 (UK)
))
("C:\Program Files (x86)\MiKTeX 2.9\tex\latex\tools\afterpage.sty"
Package: afterpage 1995/10/27 v1.08 After-Page Package (DPC)
\AP@output=\toks39
\AP@partial=\box37
\AP@footins=\box38
)
\c@Th=\count155

("C:\Program Files (x86)\MiKTeX 2.9\tex\latex\tools\verbatim.sty"
Package: verbatim 2003/08/22 v1.5q LaTeX2e package for verbatim enhancements
\every@verbatim=\toks40
\verbatim@line=\toks41
\verbatim@in@stream=\read1
)
\c@theorem=\count156

("C:\Program Files (x86)\MiKTeX 2.9\tex\latex\amsfonts\amssymb.sty"
Package: amssymb 2013/01/14 v3.01 AMS font symbols

("C:\Program Files (x86)\MiKTeX 2.9\tex\latex\amsfonts\amsfonts.sty"
Package: amsfonts 2013/01/14 v3.01 Basic AMSFonts support
\symAMSa=\mathgroup4
\symAMSb=\mathgroup5
LaTeX Font Info:    Overwriting math alphabet `\mathfrak' in version `bold'
(Font)                  U/euf/m/n --> U/euf/b/n on input line 106.
))
("C:\Program Files (x86)\MiKTeX 2.9\tex\latex\hyperref\hyperref.sty"
Package: hyperref 2012/11/06 v6.83m Hypertext links for LaTeX

("C:\Program Files (x86)\MiKTeX 2.9\tex\generic\oberdiek\hobsub-hyperref.sty"
Package: hobsub-hyperref 2012/04/25 v1.12 Bundle oberdiek, subset hyperref (HO)


("C:\Program Files (x86)\MiKTeX 2.9\tex\generic\oberdiek\hobsub-generic.sty"
Package: hobsub-generic 2012/04/25 v1.12 Bundle oberdiek, subset generic (HO)
Package: hobsub 2012/04/25 v1.12 Construct package bundles (HO)
Package hobsub Info: Skipping package `infwarerr' (already loaded).
Package hobsub Info: Skipping package `ltxcmds' (already loaded).
Package: ifluatex 2010/03/01 v1.3 Provides the ifluatex switch (HO)
Package ifluatex Info: LuaTeX not detected.
Package hobsub Info: Skipping package `ifvtex' (already loaded).
Package: intcalc 2007/09/27 v1.1 Expandable calculations with integers (HO)
Package hobsub Info: Skipping package `ifpdf' (already loaded).
Package: etexcmds 2011/02/16 v1.5 Avoid name clashes with e-TeX commands (HO)
Package etexcmds Info: Could not find \expanded.
(etexcmds)             That can mean that you are not using pdfTeX 1.50 or
(etexcmds)             that some package has redefined \expanded.
(etexcmds)             In the latter case, load this package earlier.
Package: kvsetkeys 2012/04/25 v1.16 Key value parser (HO)
Package: kvdefinekeys 2011/04/07 v1.3 Define keys (HO)
Package: pdftexcmds 2011/11/29 v0.20 Utility functions of pdfTeX for LuaTeX (HO
)
Package pdftexcmds Info: LuaTeX not detected.
Package pdftexcmds Info: \pdf@primitive is available.
Package pdftexcmds Info: \pdf@ifprimitive is available.
Package pdftexcmds Info: \pdfdraftmode found.
Package: pdfescape 2011/11/25 v1.13 Implements pdfTeX's escape features (HO)
Package: bigintcalc 2012/04/08 v1.3 Expandable calculations on big integers (HO
)
Package: bitset 2011/01/30 v1.1 Handle bit-vector datatype (HO)
Package: uniquecounter 2011/01/30 v1.2 Provide unlimited unique counter (HO)
)
Package hobsub Info: Skipping package `hobsub' (already loaded).
Package: letltxmacro 2010/09/02 v1.4 Let assignment for LaTeX macros (HO)
Package: hopatch 2011/06/24 v1.1 Wrapper for package hooks (HO)
Package: xcolor-patch 2011/01/30 xcolor patch
Package: atveryend 2011/06/30 v1.8 Hooks at the very end of document (HO)
Package atveryend Info: \AP@enddocument detected (standard20110627).
Package: atbegshi 2011/10/05 v1.16 At begin shipout hook (HO)
Package: refcount 2011/10/16 v3.4 Data extraction from label references (HO)
Package: hycolor 2011/01/30 v1.7 Color options for hyperref/bookmark (HO)
)
("C:\Program Files (x86)\MiKTeX 2.9\tex\latex\oberdiek\auxhook.sty"
Package: auxhook 2011/03/04 v1.3 Hooks for auxiliary files (HO)
)
("C:\Program Files (x86)\MiKTeX 2.9\tex\latex\oberdiek\kvoptions.sty"
Package: kvoptions 2011/06/30 v3.11 Key value format for package options (HO)
)
\@linkdim=\dimen174
\Hy@linkcounter=\count157
\Hy@pagecounter=\count158

("C:\Program Files (x86)\MiKTeX 2.9\tex\latex\hyperref\pd1enc.def"
File: pd1enc.def 2012/11/06 v6.83m Hyperref: PDFDocEncoding definition (HO)
Now handling font encoding PD1 ...
... no UTF-8 mapping file for font encoding PD1
)
\Hy@SavedSpaceFactor=\count159

("C:\Program Files (x86)\MiKTeX 2.9\tex\latex\00miktex\hyperref.cfg"
File: hyperref.cfg 2002/06/06 v1.2 hyperref configuration of TeXLive
)
Package hyperref Info: Option `colorlinks' set `true' on input line 4319.
Package hyperref Info: Hyper figures OFF on input line 4443.
Package hyperref Info: Link nesting OFF on input line 4448.
Package hyperref Info: Hyper index ON on input line 4451.
Package hyperref Info: Plain pages OFF on input line 4458.
Package hyperref Info: Backreferencing OFF on input line 4463.
Package hyperref Info: Implicit mode ON; LaTeX internals redefined.
Package hyperref Info: Bookmarks ON on input line 4688.
\c@Hy@tempcnt=\count160

("C:\Program Files (x86)\MiKTeX 2.9\tex\latex\url\url.sty"
\Urlmuskip=\muskip11
Package: url 2013/09/16  ver 3.4  Verb mode for urls, etc.
)
LaTeX Info: Redefining \url on input line 5041.
\XeTeXLinkMargin=\dimen175
\Fld@menulength=\count161
\Field@Width=\dimen176
\Fld@charsize=\dimen177
Package hyperref Info: Hyper figures OFF on input line 6295.
Package hyperref Info: Link nesting OFF on input line 6300.
Package hyperref Info: Hyper index ON on input line 6303.
Package hyperref Info: backreferencing OFF on input line 6310.
Package hyperref Info: Link coloring ON on input line 6313.
Package hyperref Info: Link coloring with OCG OFF on input line 6320.
Package hyperref Info: PDF/A mode OFF on input line 6325.
LaTeX Info: Redefining \ref on input line 6365.
LaTeX Info: Redefining \pageref on input line 6369.
\Hy@abspage=\count162
\c@Item=\count163
\c@Hfootnote=\count164
)

Package hyperref Message: Driver (autodetected): hpdftex.

("C:\Program Files (x86)\MiKTeX 2.9\tex\latex\hyperref\hpdftex.def"
File: hpdftex.def 2012/11/06 v6.83m Hyperref driver for pdfTeX
\Fld@listcount=\count165
\c@bookmark@seq@number=\count166

("C:\Program Files (x86)\MiKTeX 2.9\tex\latex\oberdiek\rerunfilecheck.sty"
Package: rerunfilecheck 2011/04/15 v1.7 Rerun checks for auxiliary files (HO)
Package uniquecounter Info: New unique counter `rerunfilecheck' on input line 2
82.
)
\Hy@SectionHShift=\skip70
)
Package hyperref Info: Option `colorlinks' set `true' on input line 69.

("C:\Users\Majdi\Dropbox\MSc thesis\slides\Progress_report.aux"

LaTeX Warning: Label `fig:c' multiply defined.


LaTeX Warning: Label `sub@fig:c' multiply defined.


LaTeX Warning: Label `fig:d' multiply defined.


LaTeX Warning: Label `sub@fig:d' multiply defined.


LaTeX Warning: Label `fig:d' multiply defined.


LaTeX Warning: Label `sub@fig:d' multiply defined.


LaTeX Warning: Label `fig:c' multiply defined.


LaTeX Warning: Label `sub@fig:c' multiply defined.


LaTeX Warning: Label `fig:d' multiply defined.


LaTeX Warning: Label `sub@fig:d' multiply defined.


LaTeX Warning: Label `fig:a' multiply defined.


LaTeX Warning: Label `sub@fig:a' multiply defined.


LaTeX Warning: Label `fig:b' multiply defined.


LaTeX Warning: Label `sub@fig:b' multiply defined.


LaTeX Warning: Label `fig:c' multiply defined.


LaTeX Warning: Label `sub@fig:c' multiply defined.


LaTeX Warning: Label `fig:d' multiply defined.


LaTeX Warning: Label `sub@fig:d' multiply defined.


LaTeX Warning: Label `fig:a' multiply defined.


LaTeX Warning: Label `sub@fig:a' multiply defined.


LaTeX Warning: Label `fig:b' multiply defined.


LaTeX Warning: Label `sub@fig:b' multiply defined.


LaTeX Warning: Label `fig:c' multiply defined.


LaTeX Warning: Label `sub@fig:c' multiply defined.


LaTeX Warning: Label `fig:d' multiply defined.


LaTeX Warning: Label `sub@fig:d' multiply defined.


LaTeX Warning: Label `fig:c' multiply defined.


LaTeX Warning: Label `sub@fig:c' multiply defined.


LaTeX Warning: Label `fig:d' multiply defined.


LaTeX Warning: Label `sub@fig:d' multiply defined.


LaTeX Warning: Label `fig:a' multiply defined.


LaTeX Warning: Label `sub@fig:a' multiply defined.


LaTeX Warning: Label `fig:b' multiply defined.


LaTeX Warning: Label `sub@fig:b' multiply defined.


LaTeX Warning: Label `fig:c' multiply defined.


LaTeX Warning: Label `sub@fig:c' multiply defined.


LaTeX Warning: Label `fig:d' multiply defined.


LaTeX Warning: Label `sub@fig:d' multiply defined.


LaTeX Warning: Label `table:1' multiply defined.


LaTeX Warning: Label `' multiply defined.


LaTeX Warning: Label `sub@' multiply defined.


LaTeX Warning: Label `' multiply defined.


LaTeX Warning: Label `figure:vi' multiply defined.

)
LaTeX Font Info:    Checking defaults for OML/cmm/m/it on input line 73.
LaTeX Font Info:    ... okay on input line 73.
LaTeX Font Info:    Checking defaults for T1/cmr/m/n on input line 73.
LaTeX Font Info:    ... okay on input line 73.
LaTeX Font Info:    Checking defaults for OT1/cmr/m/n on input line 73.
LaTeX Font Info:    ... okay on input line 73.
LaTeX Font Info:    Checking defaults for OMS/cmsy/m/n on input line 73.
LaTeX Font Info:    ... okay on input line 73.
LaTeX Font Info:    Checking defaults for OMX/cmex/m/n on input line 73.
LaTeX Font Info:    ... okay on input line 73.
LaTeX Font Info:    Checking defaults for U/cmr/m/n on input line 73.
LaTeX Font Info:    ... okay on input line 73.
LaTeX Font Info:    Checking defaults for PD1/pdf/m/n on input line 73.
LaTeX Font Info:    ... okay on input line 73.
LaTeX Font Info:    Try loading font information for OT1+lmr on input line 73.
 ("C:\Program Files (x86)\MiKTeX 2.9\tex\latex\lm\ot1lmr.fd"
File: ot1lmr.fd 2009/10/30 v1.6 Font defs for Latin Modern
)
("C:\Program Files (x86)\MiKTeX 2.9\tex\context\base\supp-pdf.mkii"
[Loading MPS to PDF converter (version 2006.09.02).]
\scratchcounter=\count167
\scratchdimen=\dimen178
\scratchbox=\box39
\nofMPsegments=\count168
\nofMParguments=\count169
\everyMPshowfont=\toks42
\MPscratchCnt=\count170
\MPscratchDim=\dimen179
\MPnumerator=\count171
\makeMPintoPDFobject=\count172
\everyMPtoPDFconversion=\toks43
)
Package caption Info: Begin \AtBeginDocument code.
Package caption Info: hyperref package is loaded.
Package caption Info: listings package is loaded.
Package caption Info: End \AtBeginDocument code.
 ("C:\Program Files (x86)\MiKTeX 2.9\tex\latex\ucs\ucsencs.def"
File: ucsencs.def 2011/01/21 Fixes to fontencodings LGR, T3
)

Package ucs Warning: ***************************
(ucs)                You seem to have loaded inputencoding utf8
(ucs)                (LaTeX kernel UTF-8) instead of utf8x (ucs.sty UTF-8).
(ucs)                Probably you are compiling a document written for a
(ucs)                pre-august-2004 ucs.sty.
(ucs)                ***************************
(ucs)                Please use \usepackage[utf8x]{inputenc} instead of
(ucs)                \usepackage[utf8]{inputenc}.
(ucs)                ***************************
(ucs)                If you should really want to use ucs.sty and kernel's
(ucs)                utf8.def together, use \usepackage[utf8x,utf8]{inputenc}
(ucs)                to disable compatibility mode
(ucs)                ***************************
(ucs)                Activating compatibility mode.
(ucs)                ***************************
(ucs)                 on input line 73.

("C:\Program Files (x86)\MiKTeX 2.9\tex\latex\ucs\utf8x.def"
File: utf8x.def 2004/10/17 UCS: Input encoding UTF-8
)
*geometry* driver: auto-detecting
*geometry* detected driver: pdftex
*geometry* verbose mode - [ preamble ] result:
* driver: pdftex
* paper: executivepaper
* layout: <same size as paper>
* layoutoffset:(h,v)=(0.0pt,0.0pt)
* modes: 
* h-part:(L,W,R)=(72.26999pt, 379.41751pt, 72.26999pt)
* v-part:(T,H,B)=(72.26999pt, 614.29501pt, 72.26999pt)
* \paperwidth=523.95749pt
* \paperheight=758.83499pt
* \textwidth=379.41751pt
* \textheight=614.29501pt
* \oddsidemargin=0.0pt
* \evensidemargin=0.0pt
* \topmargin=-37.0pt
* \headheight=12.0pt
* \headsep=25.0pt
* \topskip=11.0pt
* \footskip=30.0pt
* \marginparwidth=59.0pt
* \marginparsep=10.0pt
* \columnsep=10.0pt
* \skip\footins=10.0pt plus 4.0pt minus 2.0pt
* \hoffset=0.0pt
* \voffset=0.0pt
* \mag=1000
* \@twocolumnfalse
* \@twosidefalse
* \@mparswitchfalse
* \@reversemarginfalse
* (1in=72.27pt=25.4mm, 1cm=28.453pt)

\c@lstlisting=\count173
\AtBeginShipoutBox=\box40
Package hyperref Info: Link coloring ON on input line 73.
("C:\Program Files (x86)\MiKTeX 2.9\tex\latex\hyperref\nameref.sty"
Package: nameref 2012/10/27 v2.43 Cross-referencing by name of section

("C:\Program Files (x86)\MiKTeX 2.9\tex\generic\oberdiek\gettitlestring.sty"
Package: gettitlestring 2010/12/03 v1.4 Cleanup title references (HO)
)
\c@section@level=\count174
)
LaTeX Info: Redefining \ref on input line 73.
LaTeX Info: Redefining \pageref on input line 73.
LaTeX Info: Redefining \nameref on input line 73.

("C:\Users\Majdi\Dropbox\MSc thesis\slides\Progress_report.out")
("C:\Users\Majdi\Dropbox\MSc thesis\slides\Progress_report.out")
\@outlinefile=\write3

<logo.png, id=231, 301.125pt x 137.51375pt>
File: logo.png Graphic file (type png)
 <use logo.png>
Package pdftex.def Info: logo.png used on input line 85.
(pdftex.def)             Requested size: 180.67638pt x 82.50888pt.
LaTeX Font Info:    Try loading font information for OMS+lmr on input line 105.


("C:\Program Files (x86)\MiKTeX 2.9\tex\latex\lm\omslmr.fd"
File: omslmr.fd 2009/10/30 v1.6 Font defs for Latin Modern
)
LaTeX Font Info:    Try loading font information for OMS+lmsy on input line 105
.

("C:\Program Files (x86)\MiKTeX 2.9\tex\latex\lm\omslmsy.fd"
File: omslmsy.fd 2009/10/30 v1.6 Font defs for Latin Modern
)
LaTeX Font Info:    Font shape `OMS/lmr/m/n' in size <14.4> not available
(Font)              Font shape `OMS/lmsy/m/n' tried instead on input line 105.
 [0

{C:/ProgramData/MiKTeX/2.9/pdftex/config/pdftex.map} <C:/Users/Majdi/Dropbox/MS
c thesis/slides/logo.png>] [1]pdfTeX warning (ext4): destination with the same 
identifier (name{page.1}) has been already used, duplicate ignored
<to be read again> 
                   \relax 
l.145 \blankpage
                 [1]
Underfull \hbox (badness 10000) in paragraph at lines 150--152

 []


Underfull \hbox (badness 10000) in paragraph at lines 153--155

 []


Underfull \hbox (badness 10000) in paragraph at lines 156--158

 []

[2

] ("C:\Users\Majdi\Dropbox\MSc thesis\slides\Progress_report.toc"
LaTeX Font Info:    Try loading font information for OML+lmm on input line 2.

("C:\Program Files (x86)\MiKTeX 2.9\tex\latex\lm\omllmm.fd"
File: omllmm.fd 2009/10/30 v1.6 Font defs for Latin Modern
)
LaTeX Font Info:    Try loading font information for OMX+lmex on input line 2.

("C:\Program Files (x86)\MiKTeX 2.9\tex\latex\lm\omxlmex.fd"
File: omxlmex.fd 2009/10/30 v1.6 Font defs for Latin Modern
)
LaTeX Font Info:    External font `lmex10' loaded for size
(Font)              <10.95> on input line 2.
LaTeX Font Info:    External font `lmex10' loaded for size
(Font)              <8> on input line 2.
LaTeX Font Info:    External font `lmex10' loaded for size
(Font)              <6> on input line 2.
LaTeX Font Info:    Try loading font information for U+msa on input line 2.

("C:\Program Files (x86)\MiKTeX 2.9\tex\latex\amsfonts\umsa.fd"
File: umsa.fd 2013/01/14 v3.01 AMS symbols A
)
LaTeX Font Info:    Try loading font information for U+msb on input line 2.

("C:\Program Files (x86)\MiKTeX 2.9\tex\latex\amsfonts\umsb.fd"
File: umsb.fd 2013/01/14 v3.01 AMS symbols B
) [3

] [4])
\tf@toc=\write4

[5] ("C:\Users\Majdi\Dropbox\MSc thesis\slides\Progress_report.lot")
\tf@lot=\write5
 [6

]
("C:\Users\Majdi\Dropbox\MSc thesis\slides\Progress_report.lof" [7

])
\tf@lof=\write6
 [8]pdfTeX warning (ext4): destination with the same identifier (name{page.1}) 
has been already used, duplicate ignored
<to be read again> 
                   \relax 
l.193 \end{abstract}
                     [1]
Chapter 1.
LaTeX Font Info:    Font shape `OMS/lmr/m/n' in size <10.95> not available
(Font)              Font shape `OMS/lmsy/m/n' tried instead on input line 202.
pdfTeX warning (ext4): destination with the same identifier (name{page.1}) has 
been already used, duplicate ignored
<to be read again> 
                   \relax 
l.228 \end{eqnarray}
                     [1

]pdfTeX warning (ext4): destination with the same identifier (name{page.2}) has
 been already used, duplicate ignored
<to be read again> 
                   \relax 
l.260 
       [2]pdfTeX warning (ext4): destination with the same identifier (name{pag
e.3}) has been already used, duplicate ignored
<to be read again> 
                   \relax 
l.263 \newpage
               [3]
Chapter 2.

Overfull \hbox (11.63644pt too wide) in paragraph at lines 294--295
 []\OT1/lmr/bx/n/10.95 Euler-Maruyama method[] \OT1/lmr/m/n/10.95 Let us di-vid
e $(0\OML/lmm/m/it/10.95 ; T\OT1/lmr/m/n/10.95 )$ into subin-ter-vals $(\OML/lm
m/m/it/10.95 t[]; t[]\OT1/lmr/m/n/10.95 )[]$,
 []

pdfTeX warning (ext4): destination with the same identifier (name{page.4}) has 
been already used, duplicate ignored
<to be read again> 
                   \relax 
l.298 ...(t_i, X^\pi_{t_i}) \Delta B_{t_{i + 1}}$$
                                                   [4

]
("C:\Program Files (x86)\MiKTeX 2.9\tex\latex\ucs\uni-0.def"
File: uni-0.def 2013/05/13 UCS: Unicode data U+0000..U+00FF
)pdfTeX warning (ext4): destination with the same identifier (name{page.5}) has
 been already used, duplicate ignored
<to be read again> 
                   \relax 
l.343 \newpage
               [5]
Chapter 3.
("C:\Program Files (x86)\MiKTeX 2.9\tex\latex\ucs\uni-34.def"
File: uni-34.def 2013/05/13 UCS: Unicode data U+2200..U+22FF
)pdfTeX warning (ext4): destination with the same identifier (name{page.6}) has
 been already used, duplicate ignored
<to be read again> 
                   \relax 
l.380 \end{Prop}
                 [6

]pdfTeX warning (ext4): destination with the same identifier (name{page.7}) has
 been already used, duplicate ignored
<to be read again> 
                   \relax 
l.419 \begin{align}
                    [7]pdfTeX warning (ext4): destination with the same identif
ier (name{page.8}) has been already used, duplicate ignored
<to be read again> 
                   \relax 
l.474 \end{equation}
                     [8]pdfTeX warning (ext4): destination with the same identi
fier (name{page.8}) has been already used, duplicate ignored
<to be read again> 
                   \relax 
l.487 \blankpage
                 [8]
Chapter 4.
<mesh_figure.png, id=531, 225.84375pt x 253.69781pt>
File: mesh_figure.png Graphic file (type png)
 <use mesh_figure.png>
Package pdftex.def Info: mesh_figure.png used on input line 510.
(pdftex.def)             Requested size: 199.16928pt x 223.74638pt.

[9

]
Overfull \hbox (1.52304pt too wide) in paragraph at lines 520--523
\OT1/lmr/m/n/10.95 Suppose that we want to eval-u-ate the fol-low-ing $\OML/lmm
/m/it/10.95 C\OT1/lmr/m/n/10.95 (\OML/lmm/m/it/10.95 t[]; x\OT1/lmr/m/n/10.95 )
 = \U/msb/m/n/10.95 E\OT1/lmr/m/n/10.95 [\OML/lmm/m/it/10.95 h\OT1/lmr/m/n/10.9
5 (\OML/lmm/m/it/10.95 t[]; X[]\OT1/lmr/m/n/10.95 )\OMS/lmsy/m/n/10.95 j\OML/lm
m/m/it/10.95 X[] \OT1/lmr/m/n/10.95 =$
 []

[10pdfTeX warning (ext4): destination with the same identifier (name{equation.4
.2.1}) has been already used, duplicate ignored

\AtBegShi@Output ...ipout \box \AtBeginShipoutBox 
                                                  \fi \fi 
l.537 \begin{eqnarray}
                       <C:/Users/Majdi/Dropbox/MSc thesis/slides/mesh_figure.pn
g>] [11pdfTeX warning (ext4): destination with the same identifier (name{equati
on.4.2.2}) has been already used, duplicate ignored

\AtBegShi@Output ...ipout \box \AtBeginShipoutBox 
                                                  \fi \fi 
l.587 
      ] <polynomial.png, id=554, 602.25pt x 602.25pt>
File: polynomial.png Graphic file (type png)
 <use polynomial.png>
Package pdftex.def Info: polynomial.png used on input line 611.
(pdftex.def)             Requested size: 301.12425pt x 301.12425pt.

[12] [13 <C:/Users/Majdi/Dropbox/MSc thesis/slides/polynomial.png>]
<decision_tree.png, id=568, 502.87875pt x 302.12875pt>
File: decision_tree.png Graphic file (type png)
 <use decision_tree.png>
Package pdftex.def Info: decision_tree.png used on input line 666.
(pdftex.def)             Requested size: 113.8264pt x 68.38632pt.

<classification_presentation.png, id=569, 602.25pt x 449.42906pt>
File: classification_presentation.png Graphic file (type png)

<use classification_presentation.png>
Package pdftex.def Info: classification_presentation.png used on input line 672
.
(pdftex.def)             Requested size: 113.8264pt x 84.93979pt.
 [14 <C:/Users/Majdi/Dropbox/MSc thesis/slides/decision_tree.png> <C:/Users/Maj
di/Dropbox/MSc thesis/slides/classification_presentation.png>]
Package hyperref Info: bookmark level for unknown algorithm defaults to 0 on in
put line 692.
 [15] [16]
<kernel_regression/example.png, id=599, 451.6875pt x 451.6875pt>
File: kernel_regression/example.png Graphic file (type png)

<use kernel_regression/example.png>
Package pdftex.def Info: kernel_regression/example.png used on input line 834.
(pdftex.def)             Requested size: 225.84319pt x 225.84319pt.
 [17] [18 <C:/Users/Majdi/Dropbox/MSc thesis/slides/kernel_regression/example.p
ng>]
LaTeX Font Info:    External font `lmex10' loaded for size
(Font)              <9> on input line 885.
LaTeX Font Info:    External font `lmex10' loaded for size
(Font)              <5> on input line 885.
 [19] [20]
Chapter 5.
[21

]
LaTeX Font Info:    Try loading font information for U+bbm on input line 968.
 ("C:\Program Files (x86)\MiKTeX 2.9\tex\latex\bbm\ubbm.fd"
File: ubbm.fd 1999/03/15 V 1.2 Font definition for bbm font - TH
) [22]
<RF_analysis/Y_X.png, id=647, 602.25pt x 602.25pt>
File: RF_analysis/Y_X.png Graphic file (type png)
 <use RF_analysis/Y_X.png>
Package pdftex.def Info: RF_analysis/Y_X.png used on input line 1024.
(pdftex.def)             Requested size: 113.8264pt x 113.82217pt.
LaTeX Font Info:    External font `lmex10' loaded for size
(Font)              <10> on input line 1025.
LaTeX Font Info:    External font `lmex10' loaded for size
(Font)              <7> on input line 1025.

<RF_analysis/Z_X.png, id=648, 602.25pt x 602.25pt>
File: RF_analysis/Z_X.png Graphic file (type png)
 <use RF_analysis/Z_X.png>
Package pdftex.def Info: RF_analysis/Z_X.png used on input line 1030.
(pdftex.def)             Requested size: 113.8264pt x 113.82217pt.

[23] [24 <C:/Users/Majdi/Dropbox/MSc thesis/slides/RF_analysis/Y_X.png> <C:/Use
rs/Majdi/Dropbox/MSc thesis/slides/RF_analysis/Z_X.png>]
<lsm/l=2.png, id=668, 602.25pt x 602.25pt>
File: lsm/l=2.png Graphic file (type png)
 <use lsm/l=2.png>
Package pdftex.def Info: lsm/l=2.png used on input line 1081.
(pdftex.def)             Requested size: 113.81102pt x 113.80379pt.

<lsm/l=3.png, id=669, 602.25pt x 602.25pt>
File: lsm/l=3.png Graphic file (type png)
 <use lsm/l=3.png>
Package pdftex.def Info: lsm/l=3.png used on input line 1086.
(pdftex.def)             Requested size: 113.81102pt x 113.80379pt.

<lsm/l=4.png, id=670, 602.25pt x 602.25pt>
File: lsm/l=4.png Graphic file (type png)
 <use lsm/l=4.png>
Package pdftex.def Info: lsm/l=4.png used on input line 1091.
(pdftex.def)             Requested size: 113.81102pt x 113.80379pt.

<lsm/l=5.png, id=671, 602.25pt x 602.25pt>
File: lsm/l=5.png Graphic file (type png)
 <use lsm/l=5.png>
Package pdftex.def Info: lsm/l=5.png used on input line 1097.
(pdftex.def)             Requested size: 113.81102pt x 113.80379pt.

<lsm/l=6.png, id=672, 602.25pt x 602.25pt>
File: lsm/l=6.png Graphic file (type png)
 <use lsm/l=6.png>
Package pdftex.def Info: lsm/l=6.png used on input line 1102.
(pdftex.def)             Requested size: 113.81102pt x 113.80379pt.

<lsm/l=7.png, id=673, 602.25pt x 602.25pt>
File: lsm/l=7.png Graphic file (type png)
 <use lsm/l=7.png>
Package pdftex.def Info: lsm/l=7.png used on input line 1107.
(pdftex.def)             Requested size: 113.81102pt x 113.80379pt.

<lsm/l=8.png, id=674, 602.25pt x 602.25pt>
File: lsm/l=8.png Graphic file (type png)
 <use lsm/l=8.png>
Package pdftex.def Info: lsm/l=8.png used on input line 1113.
(pdftex.def)             Requested size: 113.81102pt x 113.80379pt.

<lsm/l=9.png, id=675, 602.25pt x 602.25pt>
File: lsm/l=9.png Graphic file (type png)
 <use lsm/l=9.png>
Package pdftex.def Info: lsm/l=9.png used on input line 1118.
(pdftex.def)             Requested size: 113.81102pt x 113.80379pt.

<lsm/l=10.png, id=676, 602.25pt x 602.25pt>
File: lsm/l=10.png Graphic file (type png)
 <use lsm/l=10.png>
Package pdftex.def Info: lsm/l=10.png used on input line 1123.
(pdftex.def)             Requested size: 113.81102pt x 113.80379pt.
 [25] [26 <C:/Users/Majdi/Dropbox/MSc thesis/slides/lsm/l=2.png> <C:/Users/Majd
i/Dropbox/MSc thesis/slides/lsm/l=3.png> <C:/Users/Majdi/Dropbox/MSc thesis/sli
des/lsm/l=4.png> <C:/Users/Majdi/Dropbox/MSc thesis/slides/lsm/l=5.png> <C:/Use
rs/Majdi/Dropbox/MSc thesis/slides/lsm/l=6.png> <C:/Users/Majdi/Dropbox/MSc the
sis/slides/lsm/l=7.png> <C:/Users/Majdi/Dropbox/MSc thesis/slides/lsm/l=8.png> 
<C:/Users/Majdi/Dropbox/MSc thesis/slides/lsm/l=9.png> <C:/Users/Majdi/Dropbox/
MSc thesis/slides/lsm/l=10.png>]
Overfull \hbox (16.58298pt too wide) in paragraph at lines 1149--1160
 [][] 
 []

<mesh/mesh.png, id=698, 602.25pt x 602.25pt>
File: mesh/mesh.png Graphic file (type png)
 <use mesh/mesh.png>
Package pdftex.def Info: mesh/mesh.png used on input line 1173.
(pdftex.def)             Requested size: 180.67639pt x 180.67639pt.
 [27 <C:/Users/Majdi/Dropbox/MSc thesis/slides/mesh/mesh.png>] [28]
<RF_analysis/n_100.png, id=712, 602.25pt x 602.25pt>
File: RF_analysis/n_100.png Graphic file (type png)

<use RF_analysis/n_100.png>
Package pdftex.def Info: RF_analysis/n_100.png used on input line 1251.
(pdftex.def)             Requested size: 113.81102pt x 113.80379pt.

<RF_analysis/n_1000.png, id=713, 602.25pt x 602.25pt>
File: RF_analysis/n_1000.png Graphic file (type png)

<use RF_analysis/n_1000.png>
Package pdftex.def Info: RF_analysis/n_1000.png used on input line 1256.
(pdftex.def)             Requested size: 113.81102pt x 113.80379pt.

<RF_analysis/n_10000.png, id=714, 602.25pt x 602.25pt>
File: RF_analysis/n_10000.png Graphic file (type png)

<use RF_analysis/n_10000.png>
Package pdftex.def Info: RF_analysis/n_10000.png used on input line 1263.
(pdftex.def)             Requested size: 113.81102pt x 113.80379pt.

<RF_analysis/n_50000.png, id=715, 602.25pt x 602.25pt>
File: RF_analysis/n_50000.png Graphic file (type png)

<use RF_analysis/n_50000.png>
Package pdftex.def Info: RF_analysis/n_50000.png used on input line 1268.
(pdftex.def)             Requested size: 113.81102pt x 113.80379pt.
 [29]
<RF_analysis/RF_10.png, id=720, 602.25pt x 602.25pt>
File: RF_analysis/RF_10.png Graphic file (type png)

<use RF_analysis/RF_10.png>
Package pdftex.def Info: RF_analysis/RF_10.png used on input line 1285.
(pdftex.def)             Requested size: 113.81102pt x 113.80379pt.

<RF_analysis/RF_100.png, id=721, 602.25pt x 602.25pt>
File: RF_analysis/RF_100.png Graphic file (type png)

<use RF_analysis/RF_100.png>
Package pdftex.def Info: RF_analysis/RF_100.png used on input line 1290.
(pdftex.def)             Requested size: 113.81102pt x 113.80379pt.

<RF_analysis/RF_500.png, id=722, 602.25pt x 602.25pt>
File: RF_analysis/RF_500.png Graphic file (type png)

<use RF_analysis/RF_500.png>
Package pdftex.def Info: RF_analysis/RF_500.png used on input line 1295.
(pdftex.def)             Requested size: 113.81102pt x 113.80379pt.

<RF_analysis/RF_1000.png, id=723, 602.25pt x 602.25pt>
File: RF_analysis/RF_1000.png Graphic file (type png)

<use RF_analysis/RF_1000.png>
Package pdftex.def Info: RF_analysis/RF_1000.png used on input line 1301.
(pdftex.def)             Requested size: 113.81102pt x 113.80379pt.

<RF_analysis/RF_5000.png, id=724, 602.25pt x 602.25pt>
File: RF_analysis/RF_5000.png Graphic file (type png)

<use RF_analysis/RF_5000.png>
Package pdftex.def Info: RF_analysis/RF_5000.png used on input line 1306.
(pdftex.def)             Requested size: 113.81102pt x 113.80379pt.

<RF_analysis/RF_10000.png, id=725, 602.25pt x 602.25pt>
File: RF_analysis/RF_10000.png Graphic file (type png)

<use RF_analysis/RF_10000.png>
Package pdftex.def Info: RF_analysis/RF_10000.png used on input line 1311.
(pdftex.def)             Requested size: 113.81102pt x 113.80379pt.
 [30 <C:/Users/Majdi/Dropbox/MSc thesis/slides/RF_analysis/n_100.png> <C:/Users
/Majdi/Dropbox/MSc thesis/slides/RF_analysis/n_1000.png> <C:/Users/Majdi/Dropbo
x/MSc thesis/slides/RF_analysis/n_10000.png> <C:/Users/Majdi/Dropbox/MSc thesis
/slides/RF_analysis/n_50000.png>]
Overfull \hbox (22.05797pt too wide) in paragraph at lines 1330--1348
 [][] 
 []

[31 <C:/Users/Majdi/Dropbox/MSc thesis/slides/RF_analysis/RF_10.png> <C:/Users/
Majdi/Dropbox/MSc thesis/slides/RF_analysis/RF_100.png> <C:/Users/Majdi/Dropbox
/MSc thesis/slides/RF_analysis/RF_500.png> <C:/Users/Majdi/Dropbox/MSc thesis/s
lides/RF_analysis/RF_1000.png> <C:/Users/Majdi/Dropbox/MSc thesis/slides/RF_ana
lysis/RF_5000.png> <C:/Users/Majdi/Dropbox/MSc thesis/slides/RF_analysis/RF_100
00.png>] <kernel_regression/l=01.png, id=746, 602.25pt x 602.25pt>
File: kernel_regression/l=01.png Graphic file (type png)

<use kernel_regression/l=01.png>
Package pdftex.def Info: kernel_regression/l=01.png used on input line 1357.
(pdftex.def)             Requested size: 85.35826pt x 85.35284pt.

<kernel_regression/l=05.png, id=747, 602.25pt x 602.25pt>
File: kernel_regression/l=05.png Graphic file (type png)

<use kernel_regression/l=05.png>
Package pdftex.def Info: kernel_regression/l=05.png used on input line 1362.
(pdftex.def)             Requested size: 85.35826pt x 85.35284pt.

<kernel_regression/l=1.png, id=748, 602.25pt x 602.25pt>
File: kernel_regression/l=1.png Graphic file (type png)

<use kernel_regression/l=1.png>
Package pdftex.def Info: kernel_regression/l=1.png used on input line 1367.
(pdftex.def)             Requested size: 85.35826pt x 85.35284pt.

<kernel_regression/l=5.png, id=749, 602.25pt x 602.25pt>
File: kernel_regression/l=5.png Graphic file (type png)

<use kernel_regression/l=5.png>
Package pdftex.def Info: kernel_regression/l=5.png used on input line 1374.
(pdftex.def)             Requested size: 85.35826pt x 85.35284pt.

<kernel_regression/l=10.png, id=750, 602.25pt x 602.25pt>
File: kernel_regression/l=10.png Graphic file (type png)

<use kernel_regression/l=10.png>
Package pdftex.def Info: kernel_regression/l=10.png used on input line 1379.
(pdftex.def)             Requested size: 85.35826pt x 85.35284pt.

<kernel_regression/l=100.png, id=751, 602.25pt x 602.25pt>
File: kernel_regression/l=100.png Graphic file (type png)

<use kernel_regression/l=100.png>
Package pdftex.def Info: kernel_regression/l=100.png used on input line 1384.
(pdftex.def)             Requested size: 85.35826pt x 85.35284pt.
 [32 <C:/Users/Majdi/Dropbox/MSc thesis/slides/kernel_regression/l=01.png> <C:/
Users/Majdi/Dropbox/MSc thesis/slides/kernel_regression/l=05.png> <C:/Users/Maj
di/Dropbox/MSc thesis/slides/kernel_regression/l=1.png> <C:/Users/Majdi/Dropbox
/MSc thesis/slides/kernel_regression/l=5.png> <C:/Users/Majdi/Dropbox/MSc thesi
s/slides/kernel_regression/l=10.png> <C:/Users/Majdi/Dropbox/MSc thesis/slides/
kernel_regression/l=100.png>] [33] [34]
Overfull \hbox (9.31378pt too wide) in paragraph at lines 1527--1527
[]\OT1/lmr/bx/n/12 Geometrical av-er-age on seven as-sets fol-low-ing bid-ask m
odel 
 []

[35]
Overfull \hbox (14.14989pt too wide) in paragraph at lines 1570--1582
 [][] 
 []

[36] [37] [38]
Overfull \hbox (1.97865pt too wide) in paragraph at lines 1708--1721
 [][] 
 []

[39] [40] [41]
Chapter 6.
[42

] [43]
LaTeX Font Info:    Try loading font information for OT1+lmtt on input line 187
7.
 ("C:\Program Files (x86)\MiKTeX 2.9\tex\latex\lm\ot1lmtt.fd"
File: ot1lmtt.fd 2009/10/30 v1.6 Font defs for Latin Modern
)
[44]
Chapter 7.
[45

]
Chapter 8.

Overfull \hbox (6.8093pt too wide) in paragraph at lines 1917--1919
[]\OT1/lmr/m/n/10.95 First, 'Ran-dom-ized-searchCV' and 'Ran-dom-ized-searchCV'
 are two cross-validation
 []

[46

] [47


]
Appendix A.
<time_complexity/sorting_split.png, id=878, 481.8pt x 195.73125pt>
File: time_complexity/sorting_split.png Graphic file (type png)

<use time_complexity/sorting_split.png>
Package pdftex.def Info: time_complexity/sorting_split.png used on input line 1
977.
(pdftex.def)             Requested size: 385.4405pt x 156.58519pt.

Overfull \hbox (6.023pt too wide) in paragraph at lines 1977--1978
[][] 
 []

[48

 <C:/Users/Majdi/Dropbox/MSc thesis/slides/time_complexity/sorting_split.png>] 
[49] [50] [51]
<RF_analysis/mse_trees.png, id=911, 453.19313pt x 258.21469pt>
File: RF_analysis/mse_trees.png Graphic file (type png)

<use RF_analysis/mse_trees.png>
Package pdftex.def Info: RF_analysis/mse_trees.png used on input line 2150.
(pdftex.def)             Requested size: 113.8264pt x 64.85295pt.

<RF_analysis/timing_trees.png, id=912, 447.92343pt x 246.1697pt>
File: RF_analysis/timing_trees.png Graphic file (type png)

<use RF_analysis/timing_trees.png>
Package pdftex.def Info: RF_analysis/timing_trees.png used on input line 2156.
(pdftex.def)             Requested size: 113.8264pt x 62.55644pt.
 [52 <C:/Users/Majdi/Dropbox/MSc thesis/slides/RF_analysis/mse_trees.png> <C:/U
sers/Majdi/Dropbox/MSc thesis/slides/RF_analysis/timing_trees.png>]
<RF_analysis/mse_leaves.png, id=919, 448.67625pt x 248.42813pt>
File: RF_analysis/mse_leaves.png Graphic file (type png)

<use RF_analysis/mse_leaves.png>
Package pdftex.def Info: RF_analysis/mse_leaves.png used on input line 2174.
(pdftex.def)             Requested size: 358.94148pt x 198.74277pt.

<RF_analysis/mse_features.png, id=920, 462.97969pt x 257.46187pt>
File: RF_analysis/mse_features.png Graphic file (type png)

<use RF_analysis/mse_features.png>
Package pdftex.def Info: RF_analysis/mse_features.png used on input line 2190.
(pdftex.def)             Requested size: 370.38425pt x 205.96976pt.
 [53 <C:/Users/Majdi/Dropbox/MSc thesis/slides/RF_analysis/mse_leaves.png>]
<RF_analysis/vi.png, id=926, 450.9347pt x 223.58531pt>
File: RF_analysis/vi.png Graphic file (type png)

<use RF_analysis/vi.png>
Package pdftex.def Info: RF_analysis/vi.png used on input line 2213.
(pdftex.def)             Requested size: 270.5629pt x 134.1522pt.
 [54 <C:/Users/Majdi/Dropbox/MSc thesis/slides/RF_analysis/mse_features.png>]
<RF_analysis/vi_contre_example.png, id=932, 702.625pt x 451.6875pt>
File: RF_analysis/vi_contre_example.png Graphic file (type png)

<use RF_analysis/vi_contre_example.png>
Package pdftex.def Info: RF_analysis/vi_contre_example.png used on input line 2
236.
(pdftex.def)             Requested size: 281.04501pt x 180.67178pt.
 [55 <C:/Users/Majdi/Dropbox/MSc thesis/slides/RF_analysis/vi.png>]
<RF_analysis/correlation_matrix.png, id=939, 682.2288pt x 596.9502pt>
File: RF_analysis/correlation_matrix.png Graphic file (type png)

<use RF_analysis/correlation_matrix.png>
Package pdftex.def Info: RF_analysis/correlation_matrix.png used on input line 
2250.
(pdftex.def)             Requested size: 341.11356pt x 298.47437pt.
 [56 <C:/Users/Majdi/Dropbox/MSc thesis/slides/RF_analysis/vi_contre_example.pn
g>]
Overfull \hbox (22.19186pt too wide) in paragraph at lines 2254--2256
[]\OT1/lmr/m/n/10.95 We can see \OT1/lmr/m/it/10.95 Lot-Frontage\OT1/lmr/m/n/10
.95 (Linear feet of street con-nected to prop-erty) and \OT1/lmr/m/it/10.95 Lot
Area\OT1/lmr/m/n/10.95 ("Lot
 []

File: RF_analysis/vi.png Graphic file (type png)
<use RF_analysis/vi.png>
Package pdftex.def Info: RF_analysis/vi.png used on input line 2260.
(pdftex.def)             Requested size: 270.5629pt x 134.1522pt.
 [57 <C:/Users/Majdi/Dropbox/MSc thesis/slides/RF_analysis/correlation_matrix.p
ng>]pdfTeX warning (ext4): destination with the same identifier (name{page.57})
 has been already used, duplicate ignored
<to be read again> 
                   \relax 
l.2271 \blankpage
                  [57]
("C:\Users\Majdi\Dropbox\MSc thesis\slides\Progress_report.bbl"
("C:\Program Files (x86)\MiKTeX 2.9\tex\latex\ucs\uni-32.def"
File: uni-32.def 2013/05/13 UCS: Unicode data U+2000..U+20FF
) [58

] [59])
Package atveryend Info: Empty hook `BeforeClearDocument' on input line 2276.

[60]
Package atveryend Info: Empty hook `AfterLastShipout' on input line 2276.
 ("C:\Users\Majdi\Dropbox\MSc thesis\slides\Progress_report.aux")
Package atveryend Info: Executing hook `AtVeryEndDocument' on input line 2276.
Package atveryend Info: Executing hook `AtEndAfterFileList' on input line 2276.

Package rerunfilecheck Info: File `Progress_report.out' has not changed.
(rerunfilecheck)             Checksum: FD0DE6FAFC683C8DDB9F607489A20352;4037.


LaTeX Warning: There were multiply-defined labels.

Package atveryend Info: Empty hook `AtVeryVeryEnd' on input line 2276.
 ) 
Here is how much of TeX's memory you used:
 15349 strings out of 493921
 221362 string characters out of 3144876
 342969 words of memory out of 3000000
 18000 multiletter control sequences out of 15000+200000
 68613 words of font info for 75 fonts, out of 3000000 for 9000
 841 hyphenation exceptions out of 8191
 42i,18n,43p,560b,570s stack positions out of 5000i,500n,10000p,200000b,50000s
pdfTeX warning (dest): name{Hfootnote.1} has been referenced but does not exi
st, replaced by a fixed one

{C:/Program Files (x86)/MiKTeX 2.9/fonts/enc/dvips/lm/lm-rmtt.enc}{C:/Program F
iles (x86)/MiKTeX 2.9/fonts/enc/dvips/lm/lm-mathit.enc}{C:/Program Files (x86)/
MiKTeX 2.9/fonts/enc/dvips/lm/lm-rm.enc}{C:/Program Files (x86)/MiKTeX 2.9/font
s/enc/dvips/lm/lm-mathsy.enc} <C:\Users\Majdi\AppData\Local\MiKTeX\2.9\fonts\pk
\ljfour\public\bbm\dpi657\bbm10.pk>{C:/Program Files (x86)/MiKTeX 2.9/fonts/enc
/dvips/lm/lm-rmsc.enc}{C:/Program Files (x86)/MiKTeX 2.9/fonts/enc/dvips/lm/lm-
mathex.enc}<C:/Program Files (x86)/MiKTeX 2.9/fonts/type1/public/lm/lmbx10.pfb>
<C:/Program Files (x86)/MiKTeX 2.9/fonts/type1/public/lm/lmbx12.pfb><C:/Program
 Files (x86)/MiKTeX 2.9/fonts/type1/public/lm/lmcsc10.pfb><C:/Program Files (x8
6)/MiKTeX 2.9/fonts/type1/public/lm/lmex10.pfb><C:/Program Files (x86)/MiKTeX 2
.9/fonts/type1/public/lm/lmmi10.pfb><C:/Program Files (x86)/MiKTeX 2.9/fonts/ty
pe1/public/lm/lmmi5.pfb><C:/Program Files (x86)/MiKTeX 2.9/fonts/type1/public/l
m/lmmi6.pfb><C:/Program Files (x86)/MiKTeX 2.9/fonts/type1/public/lm/lmmi7.pfb>
<C:/Program Files (x86)/MiKTeX 2.9/fonts/type1/public/lm/lmmi8.pfb><C:/Program 
Files (x86)/MiKTeX 2.9/fonts/type1/public/lm/lmmi9.pfb><C:/Program Files (x86)/
MiKTeX 2.9/fonts/type1/public/lm/lmr10.pfb><C:/Program Files (x86)/MiKTeX 2.9/f
onts/type1/public/lm/lmr12.pfb><C:/Program Files (x86)/MiKTeX 2.9/fonts/type1/p
ublic/lm/lmr6.pfb><C:/Program Files (x86)/MiKTeX 2.9/fonts/type1/public/lm/lmr7
.pfb><C:/Program Files (x86)/MiKTeX 2.9/fonts/type1/public/lm/lmr8.pfb><C:/Prog
ram Files (x86)/MiKTeX 2.9/fonts/type1/public/lm/lmr9.pfb><C:/Program Files (x8
6)/MiKTeX 2.9/fonts/type1/public/lm/lmri10.pfb><C:/Program Files (x86)/MiKTeX 2
.9/fonts/type1/public/lm/lmsy10.pfb><C:/Program Files (x86)/MiKTeX 2.9/fonts/ty
pe1/public/lm/lmsy6.pfb><C:/Program Files (x86)/MiKTeX 2.9/fonts/type1/public/l
m/lmsy7.pfb><C:/Program Files (x86)/MiKTeX 2.9/fonts/type1/public/lm/lmsy8.pfb>
<C:/Program Files (x86)/MiKTeX 2.9/fonts/type1/public/lm/lmtt10.pfb><C:/Program
 Files (x86)/MiKTeX 2.9/fonts/type1/public/amsfonts/symbols/msbm10.pfb>
Output written on Progress_report.pdf (73 pages, 2188216 bytes).
PDF statistics:
 1111 PDF objects out of 1200 (max. 8388607)
 280 named destinations out of 1000 (max. 500000)
 667 words of extra memory for PDF output out of 10000 (max. 10000000)

